Compiled application.js  (38ms)  (pid 4033)
Compiled jquery.js  (45ms)  (pid 4033)
Compiled jquery_ujs.js  (14ms)  (pid 4033)
Compiled admin.js  (1243ms)  (pid 4033)
Compiled artists.js  (854ms)  (pid 4033)
Compiled countries.js  (855ms)  (pid 4033)
Compiled descriptions.js  (914ms)  (pid 4033)
Compiled general.js  (888ms)  (pid 4033)
Compiled genres.js  (1021ms)  (pid 4033)
Compiled login.js  (1015ms)  (pid 4033)
Compiled pictures.js  (868ms)  (pid 4033)
Compiled s3slider.js  (1ms)  (pid 4033)
Compiled application.css  (554ms)  (pid 4033)
Compiled admin.css  (896ms)  (pid 4033)
Compiled artists.css  (932ms)  (pid 4033)
Compiled countries.css  (896ms)  (pid 4033)
Compiled descriptions.css  (900ms)  (pid 4033)
Compiled general.css  (1105ms)  (pid 4033)
Compiled genres.css  (906ms)  (pid 4033)
Compiled login.css  (885ms)  (pid 4033)
Compiled pictures.css  (924ms)  (pid 4033)
Compiled application.js  (34ms)  (pid 4111)
Compiled jquery.js  (17ms)  (pid 4111)
Compiled jquery_ujs.js  (0ms)  (pid 4111)
Compiled admin.js  (1003ms)  (pid 4111)
Compiled artists.js  (852ms)  (pid 4111)
Compiled countries.js  (880ms)  (pid 4111)
Compiled descriptions.js  (850ms)  (pid 4111)
Compiled general.js  (855ms)  (pid 4111)
Compiled genres.js  (856ms)  (pid 4111)
Compiled login.js  (866ms)  (pid 4111)
Compiled pictures.js  (849ms)  (pid 4111)
Compiled s3slider.js  (1ms)  (pid 4111)
Compiled application.css  (539ms)  (pid 4111)
Compiled admin.css  (897ms)  (pid 4111)
Compiled artists.css  (922ms)  (pid 4111)
Compiled countries.css  (892ms)  (pid 4111)
Compiled descriptions.css  (896ms)  (pid 4111)
Compiled general.css  (1144ms)  (pid 4111)
Compiled genres.css  (895ms)  (pid 4111)
Compiled login.css  (901ms)  (pid 4111)
Compiled pictures.css  (889ms)  (pid 4111)
Compiled application.js  (12ms)  (pid 4317)
Compiled jquery.js  (7ms)  (pid 4317)
Compiled jquery_ujs.js  (0ms)  (pid 4317)
Compiled admin.js  (401ms)  (pid 4317)
Compiled artists.js  (378ms)  (pid 4317)
Compiled countries.js  (324ms)  (pid 4317)
Compiled descriptions.js  (335ms)  (pid 4317)
Compiled general.js  (318ms)  (pid 4317)
Compiled genres.js  (303ms)  (pid 4317)
Compiled login.js  (317ms)  (pid 4317)
Compiled pictures.js  (308ms)  (pid 4317)
Compiled s3slider.js  (0ms)  (pid 4317)
Compiled application.css  (200ms)  (pid 4317)
Compiled admin.css  (1ms)  (pid 4317)
Compiled artists.css  (14ms)  (pid 4317)
Compiled countries.css  (1ms)  (pid 4317)
Compiled descriptions.css  (3ms)  (pid 4317)
Compiled general.css  (29ms)  (pid 4317)
Compiled genres.css  (1ms)  (pid 4317)
Compiled login.css  (0ms)  (pid 4317)
Compiled pictures.css  (3ms)  (pid 4317)
Compiled scaffolds.css  (27ms)  (pid 4317)
Compiled application.js  (9ms)  (pid 4287)
Compiled jquery.js  (11ms)  (pid 4287)
Compiled jquery_ujs.js  (0ms)  (pid 4287)
Compiled admin.js  (369ms)  (pid 4287)
Compiled artists.js  (309ms)  (pid 4287)
Compiled countries.js  (302ms)  (pid 4287)
Compiled descriptions.js  (304ms)  (pid 4287)
Compiled general.js  (307ms)  (pid 4287)
Compiled genres.js  (306ms)  (pid 4287)
Compiled login.js  (326ms)  (pid 4287)
Compiled pictures.js  (307ms)  (pid 4287)
Compiled s3slider.js  (0ms)  (pid 4287)
Compiled application.css  (204ms)  (pid 4287)
Compiled admin.css  (1ms)  (pid 4287)
Compiled artists.css  (5ms)  (pid 4287)
Compiled countries.css  (1ms)  (pid 4287)
Compiled descriptions.css  (9ms)  (pid 4287)
Compiled general.css  (31ms)  (pid 4287)
Compiled genres.css  (7ms)  (pid 4287)
Compiled login.css  (1ms)  (pid 4287)
Compiled pictures.css  (2ms)  (pid 4287)
Compiled scaffolds.css  (34ms)  (pid 4287)
